[2020-10-10 16:52:35][debug][error]:[Uncaught EasySwoole\ORM\Exception\Exception: SQLSTATE[28000] [1045] Access denied for user 'root'@'127.0.0.1' (using password: YES) in /var/opt/docker-swoole/www/platform/vendor/easyswoole/orm/src/Db/MysqlPool.php:22
Stack trace:
#0 /var/opt/docker-swoole/www/platform/vendor/easyswoole/pool/src/AbstractPool.php(295): EasySwoole\ORM\Db\MysqlPool->createObject()
#1 /var/opt/docker-swoole/www/platform/vendor/easyswoole/pool/src/AbstractPool.php(253): EasySwoole\Pool\AbstractPool->initObject()
#2 /var/opt/docker-swoole/www/platform/vendor/easyswoole/pool/src/AbstractPool.php(227): EasySwoole\Pool\AbstractPool->keepMin(5)
#3 {main}
  thrown at file:/var/opt/docker-swoole/www/platform/vendor/easyswoole/orm/src/Db/MysqlPool.php line:22]
[2020-10-10 16:54:44][debug][error]:[Uncaught EasySwoole\ORM\Exception\Exception: SQLSTATE[28000] [1045] Access denied for user 'root'@'127.0.0.1' (using password: YES) in /var/opt/docker-swoole/www/platform/vendor/easyswoole/orm/src/Db/MysqlPool.php:22
Stack trace:
#0 /var/opt/docker-swoole/www/platform/vendor/easyswoole/pool/src/AbstractPool.php(295): EasySwoole\ORM\Db\MysqlPool->createObject()
#1 /var/opt/docker-swoole/www/platform/vendor/easyswoole/pool/src/AbstractPool.php(253): EasySwoole\Pool\AbstractPool->initObject()
#2 /var/opt/docker-swoole/www/platform/vendor/easyswoole/pool/src/AbstractPool.php(227): EasySwoole\Pool\AbstractPool->keepMin(5)
#3 {main}
  thrown at file:/var/opt/docker-swoole/www/platform/vendor/easyswoole/orm/src/Db/MysqlPool.php line:22]
[2020-10-10 16:58:49][debug][error]:[Uncaught EasySwoole\ORM\Exception\Exception: SQLSTATE[28000] [1045] Access denied for user 'root'@'127.0.0.1' (using password: YES) in /var/opt/docker-swoole/www/platform/vendor/easyswoole/orm/src/Db/MysqlPool.php:22
Stack trace:
#0 /var/opt/docker-swoole/www/platform/vendor/easyswoole/pool/src/AbstractPool.php(295): EasySwoole\ORM\Db\MysqlPool->createObject()
#1 /var/opt/docker-swoole/www/platform/vendor/easyswoole/pool/src/AbstractPool.php(253): EasySwoole\Pool\AbstractPool->initObject()
#2 /var/opt/docker-swoole/www/platform/vendor/easyswoole/pool/src/AbstractPool.php(227): EasySwoole\Pool\AbstractPool->keepMin(5)
#3 {main}
  thrown at file:/var/opt/docker-swoole/www/platform/vendor/easyswoole/orm/src/Db/MysqlPool.php line:22]
[2020-10-10 16:59:38][debug][error]:[Uncaught EasySwoole\ORM\Exception\Exception: SQLSTATE[28000] [1045] Access denied for user 'root'@'127.0.0.1' (using password: YES) in /var/opt/docker-swoole/www/platform/vendor/easyswoole/orm/src/Db/MysqlPool.php:22
Stack trace:
#0 /var/opt/docker-swoole/www/platform/vendor/easyswoole/pool/src/AbstractPool.php(295): EasySwoole\ORM\Db\MysqlPool->createObject()
#1 /var/opt/docker-swoole/www/platform/vendor/easyswoole/pool/src/AbstractPool.php(253): EasySwoole\Pool\AbstractPool->initObject()
#2 /var/opt/docker-swoole/www/platform/vendor/easyswoole/pool/src/AbstractPool.php(227): EasySwoole\Pool\AbstractPool->keepMin(5)
#3 {main}
  thrown at file:/var/opt/docker-swoole/www/platform/vendor/easyswoole/orm/src/Db/MysqlPool.php line:22]
[2020-10-10 17:00:45][debug][error]:[Uncaught EasySwoole\ORM\Exception\Exception: SQLSTATE[28000] [1045] Access denied for user 'root'@'127.0.0.1' (using password: YES) in /var/opt/docker-swoole/www/platform/vendor/easyswoole/orm/src/Db/MysqlPool.php:22
Stack trace:
#0 /var/opt/docker-swoole/www/platform/vendor/easyswoole/pool/src/AbstractPool.php(295): EasySwoole\ORM\Db\MysqlPool->createObject()
#1 /var/opt/docker-swoole/www/platform/vendor/easyswoole/pool/src/AbstractPool.php(253): EasySwoole\Pool\AbstractPool->initObject()
#2 /var/opt/docker-swoole/www/platform/vendor/easyswoole/pool/src/AbstractPool.php(227): EasySwoole\Pool\AbstractPool->keepMin(5)
#3 {main}
  thrown at file:/var/opt/docker-swoole/www/platform/vendor/easyswoole/orm/src/Db/MysqlPool.php line:22]
[2020-10-10 17:40:17][debug][error]:[Uncaught EasySwoole\Mysqli\Exception\Exception: SQLSTATE[HY000] [2002] Connection reset by peer or Transport endpoint is not connected in /var/opt/docker-swoole/www/platform/vendor/easyswoole/mysqli/src/Client.php:69
Stack trace:
#0 /var/opt/docker-swoole/www/platform/App/HttpController/Test.php(41): EasySwoole\Mysqli\Client->execBuilder()
#1 {main}
  thrown at file:/var/opt/docker-swoole/www/platform/vendor/easyswoole/mysqli/src/Client.php line:69]
[2020-10-10 17:42:36][debug][error]:[Uncaught EasySwoole\Mysqli\Exception\Exception: SQLSTATE[HY000] [2002] Connection reset by peer or Transport endpoint is not connected in /var/opt/docker-swoole/www/platform/vendor/easyswoole/mysqli/src/Client.php:69
Stack trace:
#0 /var/opt/docker-swoole/www/platform/App/HttpController/Test.php(41): EasySwoole\Mysqli\Client->execBuilder()
#1 {main}
  thrown at file:/var/opt/docker-swoole/www/platform/vendor/easyswoole/mysqli/src/Client.php line:69]
[2020-10-10 17:54:33][debug][error]:[Uncaught EasySwoole\Mysqli\Exception\Exception: SQLSTATE[HY000] [2002] Connection reset by peer or Transport endpoint is not connected in /var/opt/docker-swoole/www/platform/vendor/easyswoole/mysqli/src/Client.php:69
Stack trace:
#0 /var/opt/docker-swoole/www/platform/App/HttpController/Test.php(41): EasySwoole\Mysqli\Client->execBuilder()
#1 {main}
  thrown at file:/var/opt/docker-swoole/www/platform/vendor/easyswoole/mysqli/src/Client.php line:69]
[2020-10-10 17:56:18][debug][error]:[Uncaught EasySwoole\ORM\Exception\Exception: SQLSTATE[28000] [1045] Access denied for user 'root'@'127.0.0.1' (using password: YES) in /var/opt/docker-swoole/www/platform/vendor/easyswoole/orm/src/Db/MysqlPool.php:22
Stack trace:
#0 /var/opt/docker-swoole/www/platform/vendor/easyswoole/pool/src/AbstractPool.php(295): EasySwoole\ORM\Db\MysqlPool->createObject()
#1 /var/opt/docker-swoole/www/platform/vendor/easyswoole/pool/src/AbstractPool.php(253): EasySwoole\Pool\AbstractPool->initObject()
#2 /var/opt/docker-swoole/www/platform/vendor/easyswoole/pool/src/AbstractPool.php(227): EasySwoole\Pool\AbstractPool->keepMin(5)
#3 {main}
  thrown at file:/var/opt/docker-swoole/www/platform/vendor/easyswoole/orm/src/Db/MysqlPool.php line:22]
[2020-10-10 17:58:28][debug][error]:[Uncaught EasySwoole\ORM\Exception\Exception: SQLSTATE[28000] [1045] Access denied for user 'root'@'127.0.0.1' (using password: YES) in /var/opt/docker-swoole/www/platform/vendor/easyswoole/orm/src/Db/MysqlPool.php:22
Stack trace:
#0 /var/opt/docker-swoole/www/platform/vendor/easyswoole/pool/src/AbstractPool.php(295): EasySwoole\ORM\Db\MysqlPool->createObject()
#1 /var/opt/docker-swoole/www/platform/vendor/easyswoole/pool/src/AbstractPool.php(253): EasySwoole\Pool\AbstractPool->initObject()
#2 /var/opt/docker-swoole/www/platform/vendor/easyswoole/pool/src/AbstractPool.php(227): EasySwoole\Pool\AbstractPool->keepMin(5)
#3 {main}
  thrown at file:/var/opt/docker-swoole/www/platform/vendor/easyswoole/orm/src/Db/MysqlPool.php line:22]
[2020-10-10 18:07:02][debug][error]:[Uncaught Swoole\Exception: failed to listen server port[0.0.0.0:9501], Error: Address already in use[98] in /var/opt/docker-swoole/www/platform/vendor/easyswoole/easyswoole/src/ServerManager.php:59
Stack trace:
#0 /var/opt/docker-swoole/www/platform/vendor/easyswoole/easyswoole/src/ServerManager.php(59): Swoole\Server->__construct('0.0.0.0', 9501, 2, 1)
#1 /var/opt/docker-swoole/www/platform/vendor/easyswoole/easyswoole/src/Core.php(127): EasySwoole\EasySwoole\ServerManager->createSwooleServer(9501, 2, '0.0.0.0', Array, 2, 1)
#2 /var/opt/docker-swoole/www/platform/vendor/easyswoole/easyswoole/src/Command/DefaultCommand/Start.php(42): EasySwoole\EasySwoole\Core->createServer()
#3 /var/opt/docker-swoole/www/platform/vendor/easyswoole/easyswoole/src/Command/CommandContainer.php(46): EasySwoole\EasySwoole\Command\DefaultCommand\Start->exec(Array)
#4 /var/opt/docker-swoole/www/platform/vendor/easyswoole/easyswoole/src/Command/CommandRunner.php(62): EasySwoole\EasySwoole\Command\CommandContainer->hook('start', Arra at file:/var/opt/docker-swoole/www/platform/vendor/easyswoole/easyswoole/src/ServerManager.php line:59]
[2020-10-10 18:07:50][debug][error]:[Uncaught Swoole\Exception: failed to listen server port[0.0.0.0:9501], Error: Address already in use[98] in /var/opt/docker-swoole/www/platform/vendor/easyswoole/easyswoole/src/ServerManager.php:59
Stack trace:
#0 /var/opt/docker-swoole/www/platform/vendor/easyswoole/easyswoole/src/ServerManager.php(59): Swoole\Server->__construct('0.0.0.0', 9501, 2, 1)
#1 /var/opt/docker-swoole/www/platform/vendor/easyswoole/easyswoole/src/Core.php(127): EasySwoole\EasySwoole\ServerManager->createSwooleServer(9501, 2, '0.0.0.0', Array, 2, 1)
#2 /var/opt/docker-swoole/www/platform/vendor/easyswoole/easyswoole/src/Command/DefaultCommand/Start.php(42): EasySwoole\EasySwoole\Core->createServer()
#3 /var/opt/docker-swoole/www/platform/vendor/easyswoole/easyswoole/src/Command/CommandContainer.php(46): EasySwoole\EasySwoole\Command\DefaultCommand\Start->exec(Array)
#4 /var/opt/docker-swoole/www/platform/vendor/easyswoole/easyswoole/src/Command/CommandRunner.php(62): EasySwoole\EasySwoole\Command\CommandContainer->hook('start', Arra at file:/var/opt/docker-swoole/www/platform/vendor/easyswoole/easyswoole/src/ServerManager.php line:59]
[2020-10-10 18:09:44][debug][error]:[Uncaught Swoole\Exception: failed to listen server port[0.0.0.0:9501], Error: Address already in use[98] in /var/opt/docker-swoole/www/platform/vendor/easyswoole/easyswoole/src/ServerManager.php:59
Stack trace:
#0 /var/opt/docker-swoole/www/platform/vendor/easyswoole/easyswoole/src/ServerManager.php(59): Swoole\Server->__construct('0.0.0.0', 9501, 2, 1)
#1 /var/opt/docker-swoole/www/platform/vendor/easyswoole/easyswoole/src/Core.php(127): EasySwoole\EasySwoole\ServerManager->createSwooleServer(9501, 2, '0.0.0.0', Array, 2, 1)
#2 /var/opt/docker-swoole/www/platform/vendor/easyswoole/easyswoole/src/Command/DefaultCommand/Start.php(42): EasySwoole\EasySwoole\Core->createServer()
#3 /var/opt/docker-swoole/www/platform/vendor/easyswoole/easyswoole/src/Command/CommandContainer.php(46): EasySwoole\EasySwoole\Command\DefaultCommand\Start->exec(Array)
#4 /var/opt/docker-swoole/www/platform/vendor/easyswoole/easyswoole/src/Command/CommandRunner.php(62): EasySwoole\EasySwoole\Command\CommandContainer->hook('start', Arra at file:/var/opt/docker-swoole/www/platform/vendor/easyswoole/easyswoole/src/ServerManager.php line:59]
[2020-10-10 18:11:54][debug][error]:[Uncaught EasySwoole\Mysqli\Exception\Exception: SQLSTATE[HY000] [2002] Connection reset by peer or Transport endpoint is not connected in /var/opt/docker-swoole/www/platform/vendor/easyswoole/mysqli/src/Client.php:69
Stack trace:
#0 /var/opt/docker-swoole/www/platform/App/HttpController/Test.php(41): EasySwoole\Mysqli\Client->execBuilder()
#1 {main}
  thrown at file:/var/opt/docker-swoole/www/platform/vendor/easyswoole/mysqli/src/Client.php line:69]
[2020-10-10 18:18:04][debug][notice]:[Undefined index: bannerId at file:/var/opt/docker-swoole/www/platform/App/HttpController/Ces.php line:18]
[2020-10-10 18:18:11][debug][notice]:[Undefined index: bannerId at file:/var/opt/docker-swoole/www/platform/App/HttpController/Ces.php line:18]
[2020-10-10 18:18:14][debug][notice]:[Undefined index: bannerId at file:/var/opt/docker-swoole/www/platform/App/HttpController/Ces.php line:18]
[2020-10-10 18:18:17][debug][notice]:[Undefined index: bannerId at file:/var/opt/docker-swoole/www/platform/App/HttpController/Ces.php line:18]
[2020-10-10 18:19:22][debug][notice]:[Undefined index: bannerId at file:/var/opt/docker-swoole/www/platform/App/HttpController/Ces.php line:18]
[2020-10-10 18:19:26][debug][notice]:[Undefined index: bannerId at file:/var/opt/docker-swoole/www/platform/App/HttpController/Ces.php line:18]
[2020-10-10 18:19:37][debug][notice]:[Undefined index: bannerId at file:/var/opt/docker-swoole/www/platform/App/HttpController/Ces.php line:18]
[2020-10-10 18:19:59][debug][notice]:[Undefined index: bannerId at file:/var/opt/docker-swoole/www/platform/App/HttpController/Ces.php line:18]
[2020-10-19 15:25:36][debug][error]:[Uncaught Swoole\Exception: failed to listen server port[0.0.0.0:9501], Error: Address already in use[98] in /var/opt/docker-swoole/www/platform/vendor/easyswoole/easyswoole/src/ServerManager.php:59
Stack trace:
#0 /var/opt/docker-swoole/www/platform/vendor/easyswoole/easyswoole/src/ServerManager.php(59): Swoole\Server->__construct('0.0.0.0', 9501, 2, 1)
#1 /var/opt/docker-swoole/www/platform/vendor/easyswoole/easyswoole/src/Core.php(127): EasySwoole\EasySwoole\ServerManager->createSwooleServer(9501, 2, '0.0.0.0', Array, 2, 1)
#2 /var/opt/docker-swoole/www/platform/vendor/easyswoole/easyswoole/src/Command/DefaultCommand/Start.php(42): EasySwoole\EasySwoole\Core->createServer()
#3 /var/opt/docker-swoole/www/platform/vendor/easyswoole/easyswoole/src/Command/CommandContainer.php(46): EasySwoole\EasySwoole\Command\DefaultCommand\Start->exec(Array)
#4 /var/opt/docker-swoole/www/platform/vendor/easyswoole/easyswoole/src/Command/CommandRunner.php(62): EasySwoole\EasySwoole\Command\CommandContainer->hook('start', Arra at file:/var/opt/docker-swoole/www/platform/vendor/easyswoole/easyswoole/src/ServerManager.php line:59]
[2020-10-19 15:26:45][debug][notice]:[Undefined index: bannerId at file:/var/opt/docker-swoole/www/platform/App/HttpController/Banner.php line:13]
[2020-10-19 15:31:58][debug][notice]:[Undefined index: bannerId at file:/var/opt/docker-swoole/www/platform/App/HttpController/Banner.php line:13]
[2020-10-19 18:30:16][debug][error]:[Controller Exception1123 at file:/var/opt/docker-swoole/www/platform/App/HttpController/Index.php line:35]
[2020-10-19 18:30:24][debug][error]:[Controller Exception1123 at file:/var/opt/docker-swoole/www/platform/App/HttpController/Index.php line:35]
[2020-10-19 18:32:27][debug][error]:[Controller Exception1123 at file:/var/opt/docker-swoole/www/platform/App/HttpController/Index.php line:35]
[2020-10-19 18:32:27][debug][error]:[Controller Exception1123 at file:/var/opt/docker-swoole/www/platform/App/HttpController/Index.php line:35]
[2020-10-20 09:11:31][debug][error]:[Controller Exception1123 at file:/var/opt/docker-swoole/www/platform/App/HttpController/Index.php line:35]
[2020-10-20 09:16:21][debug][error]:[Controller Exception1123 at file:/var/opt/docker-swoole/www/platform/App/HttpController/Index.php line:35]
[2020-10-20 09:16:53][debug][error]:[Controller Exception1123 at file:/var/opt/docker-swoole/www/platform/App/HttpController/Index.php line:35]
[2020-10-20 09:17:29][debug][error]:[Controller Exception1123 at file:/var/opt/docker-swoole/www/platform/App/HttpController/Index.php line:35]
[2020-10-20 09:17:41][debug][error]:[Controller Exception1123 at file:/var/opt/docker-swoole/www/platform/App/HttpController/Index.php line:35]
[2020-10-20 09:18:49][debug][error]:[Controller Exception1123 at file:/var/opt/docker-swoole/www/platform/App/HttpController/Index.php line:35]
[2020-10-20 09:19:29][debug][error]:[Controller Exception1123 at file:/var/opt/docker-swoole/www/platform/App/HttpController/Index.php line:35]
[2020-10-20 17:29:33][debug][warning]:[Declaration of App\HttpController\Common\BaseController::onRequest(string $action): ?bool should be compatible with EasySwoole\Http\AbstractInterface\Controller::onRequest(?string $action): ?bool at file:/var/opt/docker-swoole/www/platform/App/HttpController/Common/BaseController.php line:6]
[2020-10-20 17:31:13][debug][warning]:[Declaration of App\HttpController\Common\BaseController::onRequest(string $action): ?bool should be compatible with EasySwoole\Http\AbstractInterface\Controller::onRequest(?string $action): ?bool at file:/var/opt/docker-swoole/www/platform/App/HttpController/Common/BaseController.php line:6]
[2020-10-20 17:32:47][debug][warning]:[Declaration of App\HttpController\Common\BaseController::onRequest(string $action): ?bool should be compatible with EasySwoole\Http\AbstractInterface\Controller::onRequest(?string $action): ?bool at file:/var/opt/docker-swoole/www/platform/App/HttpController/Common/BaseController.php line:6]
[2020-10-20 18:07:37][debug][notice]:[Undefined index: id at file:/var/opt/docker-swoole/www/platform/App/HttpController/User/User.php line:55]
[2020-10-20 18:08:48][debug][notice]:[Undefined index: id at file:/var/opt/docker-swoole/www/platform/App/HttpController/User/User.php line:55]
[2020-10-20 18:10:35][debug][notice]:[Undefined index: id at file:/var/opt/docker-swoole/www/platform/App/HttpController/User/User.php line:55]
[2020-10-20 18:10:36][debug][notice]:[Undefined index: id at file:/var/opt/docker-swoole/www/platform/App/HttpController/User/User.php line:55]
[2020-10-20 18:29:36][debug][notice]:[Undefined index: id at file:/var/opt/docker-swoole/www/platform/App/HttpController/User/User.php line:55]
[2020-10-20 18:29:39][debug][notice]:[Undefined index: id at file:/var/opt/docker-swoole/www/platform/App/HttpController/User/User.php line:55]
[2020-10-20 18:30:13][debug][notice]:[Undefined index: id at file:/var/opt/docker-swoole/www/platform/App/HttpController/User/User.php line:55]
[2020-10-20 18:30:55][debug][notice]:[Undefined index: id at file:/var/opt/docker-swoole/www/platform/App/HttpController/User/User.php line:55]
[2020-10-20 18:32:43][debug][notice]:[Undefined index: id at file:/var/opt/docker-swoole/www/platform/App/HttpController/User/User.php line:55]
[2020-10-20 18:32:44][debug][notice]:[Undefined index: id at file:/var/opt/docker-swoole/www/platform/App/HttpController/User/User.php line:55]
