[2021-01-28 18:58:30 *2586.4]	ERROR	php_swoole_server_rshutdown (ERRNO 503): Fatal error: Declaration of App\HttpModel\User\UserModel::schemaInfo(bool $isCache = true): Swoole\Table must be compatible with EasySwoole\ORM\AbstractModel::schemaInfo(bool $isCache = true): EasySwoole\ORM\Utility\Schema\Table in /var/www/html/platform/App/HttpModel/User/UserModel.php on line 7
[2021-01-28 18:58:30 $2579.0]	WARNING	check_worker_exit_status: worker#4[pid=2586] abnormal exit, status=255, signal=0
[2021-01-28 20:49:21 $2790.0]	WARNING	swSignal_callback (ERRNO 707): Unable to find callback function for signal Hangup: 1
[2021-01-28 20:49:21 #2789.2]	WARNING	swSignalfd_onSignal (ERRNO 707): Unable to find callback function for signal Hangup: 1
[2021-01-28 20:49:21 #2789.2]	INFO	Server is shutdown now
[2021-01-28 20:49:21 *2793.0]	WARNING	swSignalfd_onSignal (ERRNO 707): Unable to find callback function for signal Hangup: 1
[2021-01-28 20:49:21 $2790.0]	WARNING	swSignal_callback (ERRNO 707): Unable to find callback function for signal Hangup: 1
[2021-01-28 20:49:21 *2794.1]	WARNING	swSignalfd_onSignal (ERRNO 707): Unable to find callback function for signal Hangup: 1
[2021-01-28 20:49:21 *2796.3]	WARNING	swSignalfd_onSignal (ERRNO 707): Unable to find callback function for signal Hangup: 1
[2021-01-28 20:49:21 *2797.4]	WARNING	swSignalfd_onSignal (ERRNO 707): Unable to find callback function for signal Hangup: 1
[2021-01-28 20:49:21 *2798.5]	WARNING	swSignalfd_onSignal (ERRNO 707): Unable to find callback function for signal Hangup: 1
[2021-01-28 20:49:21 *2799.6]	WARNING	swSignalfd_onSignal (ERRNO 707): Unable to find callback function for signal Hangup: 1
[2021-01-28 20:49:21 *2795.2]	WARNING	swSignalfd_onSignal (ERRNO 707): Unable to find callback function for signal Hangup: 1
[2021-01-28 20:49:21 *2800.7]	WARNING	swSignalfd_onSignal (ERRNO 707): Unable to find callback function for signal Hangup: 1
[2021-02-01 17:35:05 *14354.3]	ERROR	php_swoole_server_rshutdown (ERRNO 503): Fatal error: Uncaught Error: Call to undefined method EasySwoole\Mysqli\Client::getLastQuery() in /var/www/html/platform/EasySwooleEvent.php:74
Stack trace:
#0 {main}
  thrown in /var/www/html/platform/EasySwooleEvent.php on line 74
[2021-02-01 17:35:05 $14348.0]	WARNING	check_worker_exit_status: worker#3[pid=14354] abnormal exit, status=255, signal=0
[2021-02-01 17:56:59 *15374.3]	ERROR	php_swoole_server_rshutdown (ERRNO 503): Fatal error: Uncaught Error: Using $this when not in object context in /var/www/html/platform/EasySwooleEvent.php:82
Stack trace:
#0 {main}
  thrown in /var/www/html/platform/EasySwooleEvent.php on line 82
[2021-02-01 17:56:59 $15368.0]	WARNING	check_worker_exit_status: worker#3[pid=15374] abnormal exit, status=255, signal=0
[2021-02-01 17:57:27 *15426.3]	ERROR	php_swoole_server_rshutdown (ERRNO 503): Fatal error: Uncaught Error: Call to undefined method EasySwoole\Http\Response::writeJson() in /var/www/html/platform/EasySwooleEvent.php:82
Stack trace:
#0 {main}
  thrown in /var/www/html/platform/EasySwooleEvent.php on line 82
[2021-02-01 17:57:27 $15420.0]	WARNING	check_worker_exit_status: worker#3[pid=15426] abnormal exit, status=255, signal=0
[2021-02-01 18:16:14 *15969.3]	ERROR	php_swoole_server_rshutdown (ERRNO 503): Fatal error: Uncaught EasySwoole\Mysqli\Exception\Exception: SQLSTATE[23000] [1062] Duplicate entry 'nb5fqu210amicrzna9l7g6jpzjdokge8' for key 'session.PRIMARY' in /var/www/html/platform/vendor/easyswoole/mysqli/src/Client.php:69
Stack trace:
#0 /var/www/html/platform/App/HttpController/BaseController.php(139): EasySwoole\Mysqli\Client->execBuilder()
#1 {main}
  thrown in /var/www/html/platform/vendor/easyswoole/mysqli/src/Client.php on line 69
[2021-02-01 18:16:14 $15963.0]	WARNING	check_worker_exit_status: worker#3[pid=15969] abnormal exit, status=255, signal=0
[2021-02-01 18:16:55 *16027.3]	ERROR	php_swoole_server_rshutdown (ERRNO 503): Fatal error: Uncaught EasySwoole\Mysqli\Exception\Exception: SQLSTATE[23000] [1062] Duplicate entry 'nb5fqu210amicrzna9l7g6jpzjdokge8' for key 'session.PRIMARY' in /var/www/html/platform/vendor/easyswoole/mysqli/src/Client.php:69
Stack trace:
#0 /var/www/html/platform/App/HttpController/BaseController.php(140): EasySwoole\Mysqli\Client->execBuilder()
#1 {main}
  thrown in /var/www/html/platform/vendor/easyswoole/mysqli/src/Client.php on line 69
[2021-02-01 18:16:56 $16021.0]	WARNING	check_worker_exit_status: worker#3[pid=16027] abnormal exit, status=255, signal=0
